2021-11-24 12:20:31,852 INFO org.springframework.boot.test.context.SpringBootTestContextBootstrapper [main] Neither @ContextConfiguration nor @ContextHierarchy found for test class [com.service.CoderServiceImplTest], using SpringBootContextLoader
2021-11-24 12:20:31,869 INFO org.springframework.test.context.support.AbstractContextLoader [main] Could not detect default resource locations for test class [com.service.CoderServiceImplTest]: no resource found for suffixes {-context.xml, Context.groovy}.
2021-11-24 12:20:31,871 INFO org.springframework.test.context.support.AnnotationConfigContextLoaderUtils [main] Could not detect default configuration classes for test class [com.service.CoderServiceImplTest]: CoderServiceImplTest does not declare any static, non-private, non-final, nested classes annotated with @Configuration.
2021-11-24 12:20:32,080 INFO org.springframework.boot.test.context.SpringBootTestContextBootstrapper [main] Found @SpringBootConfiguration com.FirstSpringBootRestJpaApplication for test class com.service.CoderServiceImplTest
2021-11-24 12:20:32,267 INFO org.springframework.boot.test.context.SpringBootTestContextBootstrapper [main] Loaded default TestExecutionListener class names from location [META-INF/spring.factories]: [org.springframework.boot.test.autoconfigure.restdocs.RestDocsTestExecutionListener, org.springframework.boot.test.autoconfigure.web.client.MockRestServiceServerResetTestExecutionListener, org.springframework.boot.test.autoconfigure.web.servlet.MockMvcPrintOnlyOnFailureTestExecutionListener, org.springframework.boot.test.autoconfigure.web.servlet.WebDriverTestExecutionListener, org.springframework.boot.test.autoconfigure.webservices.client.MockWebServiceServerTestExecutionListener, org.springframework.boot.test.mock.mockito.MockitoTestExecutionListener, org.springframework.boot.test.mock.mockito.ResetMocksTestExecutionListener, org.springframework.test.context.web.ServletTestExecutionListener, org.springframework.test.context.support.DirtiesContextBeforeModesTestExecutionListener, org.springframework.test.context.event.ApplicationEventsTestExecutionListener, org.springframework.test.context.support.DependencyInjectionTestExecutionListener, org.springframework.test.context.support.DirtiesContextTestExecutionListener, org.springframework.test.context.transaction.TransactionalTestExecutionListener, org.springframework.test.context.jdbc.SqlScriptsTestExecutionListener, org.springframework.test.context.event.EventPublishingTestExecutionListener]
2021-11-24 12:20:32,298 INFO org.springframework.boot.test.context.SpringBootTestContextBootstrapper [main] Using TestExecutionListeners: [org.springframework.test.context.web.ServletTestExecutionListener@2d10e0b1, org.springframework.test.context.support.DirtiesContextBeforeModesTestExecutionListener@1c98290c, org.springframework.test.context.event.ApplicationEventsTestExecutionListener@172ca72b, org.springframework.boot.test.mock.mockito.MockitoTestExecutionListener@5bda80bf, org.springframework.boot.test.autoconfigure.SpringBootDependencyInjectionTestExecutionListener@71e5f61d, org.springframework.test.context.support.DirtiesContextTestExecutionListener@2ce86164, org.springframework.test.context.transaction.TransactionalTestExecutionListener@5e8f9e2d, org.springframework.test.context.jdbc.SqlScriptsTestExecutionListener@51df223b, org.springframework.test.context.event.EventPublishingTestExecutionListener@fd46303, org.springframework.boot.test.autoconfigure.restdocs.RestDocsTestExecutionListener@60d8c0dc, org.springframework.boot.test.autoconfigure.web.client.MockRestServiceServerResetTestExecutionListener@4204541c, org.springframework.boot.test.autoconfigure.web.servlet.MockMvcPrintOnlyOnFailureTestExecutionListener@6a62689d, org.springframework.boot.test.autoconfigure.web.servlet.WebDriverTestExecutionListener@4602c2a9, org.springframework.boot.test.autoconfigure.webservices.client.MockWebServiceServerTestExecutionListener@60fa3495, org.springframework.boot.test.mock.mockito.ResetMocksTestExecutionListener@3e2822]
2021-11-24 12:20:32,747 INFO com.service.CoderServiceImplTest [main] Starting CoderServiceImplTest using Java 16.0.2 on DESKTOP-41JF8J5 with PID 24108 (started by MANOJ in C:\Users\MANOJ\Documents\workspace-spring-tool-suite-4-4.12.0.RELEASE\FirstSpringBootRest-2)
2021-11-24 12:20:32,749 INFO com.service.CoderServiceImplTest [main] No active profile set, falling back to default profiles: default
2021-11-24 12:20:32,763 INFO org.hibernate.validator.internal.util.Version [background-preinit] HV000001: Hibernate Validator 6.2.0.Final
2021-11-24 12:20:34,911 INFO org.springframework.data.repository.config.RepositoryConfigurationDelegate [main] Bootstrapping Spring Data JPA repositories in DEFAULT mode.
2021-11-24 12:20:35,127 INFO org.springframework.data.repository.config.RepositoryConfigurationDelegate [main] Finished Spring Data repository scanning in 207 ms. Found 2 JPA repository interfaces.
2021-11-24 12:20:37,162 INFO org.hibernate.jpa.internal.util.LogHelper [main] HHH000204: Processing PersistenceUnitInfo [name: default]
2021-11-24 12:20:37,262 INFO org.hibernate.Version [main] HHH000412: Hibernate ORM core version 5.4.32.Final
2021-11-24 12:20:37,318 INFO org.hibernate.annotations.common.Version [main] HCANN000001: Hibernate Commons Annotations {5.1.2.Final}
2021-11-24 12:20:37,536 INFO com.zaxxer.hikari.HikariDataSource [main] HikariPool-1 - Starting...
2021-11-24 12:20:37,948 INFO com.zaxxer.hikari.HikariDataSource [main] HikariPool-1 - Start completed.
2021-11-24 12:20:38,001 INFO org.hibernate.dialect.Dialect [main] HHH000400: Using dialect: org.hibernate.dialect.PostgreSQL10Dialect
2021-11-24 12:20:39,839 INFO org.hibernate.engine.transaction.jta.platform.internal.JtaPlatformInitiator [main] HHH000490: Using JtaPlatform implementation: [org.hibernate.engine.transaction.jta.platform.internal.NoJtaPlatform]
2021-11-24 12:20:39,864 INFO org.springframework.orm.jpa.LocalContainerEntityManagerFactoryBean [main] Initialized JPA EntityManagerFactory for persistence unit 'default'
2021-11-24 12:20:41,296 WARN org.springframework.boot.autoconfigure.orm.jpa.JpaBaseConfiguration$JpaWebConfiguration [main] spring.jpa.open-in-view is enabled by default. Therefore, database queries may be performed during view rendering. Explicitly configure spring.jpa.open-in-view to disable this warning
2021-11-24 12:20:44,021 INFO com.service.CoderServiceImplTest [main] Started CoderServiceImplTest in 11.644 seconds (JVM running for 13.942)
2021-11-24 12:20:44,357 INFO org.springframework.orm.jpa.LocalContainerEntityManagerFactoryBean [SpringApplicationShutdownHook] Closing JPA EntityManagerFactory for persistence unit 'default'
2021-11-24 12:20:44,361 INFO com.zaxxer.hikari.HikariDataSource [SpringApplicationShutdownHook] HikariPool-1 - Shutdown initiated...
2021-11-24 12:20:44,367 INFO com.zaxxer.hikari.HikariDataSource [SpringApplicationShutdownHook] HikariPool-1 - Shutdown completed.
